This file contains any messages produced by compilers while
running configure, to aid debugging if configure makes a mistake.

It was created by OpenVPN GUI configure 11, which was
generated by GNU Autoconf 2.69.  Invocation command line was

  $ ./configure --prefix=/ --libdir=//lib --host=x86_64-w64-mingw32 --target= --build=i686-pc-cygwin --program-prefix='' --sbindir=/bin

## --------- ##
## Platform. ##
## --------- ##

hostname = TARDIS
uname -m = x86_64
uname -r = 2.6.0(0.304/5/3)
uname -s = CYGWIN_NT-10.0
uname -v = 2016-08-31 14:32

/usr/bin/uname -p = unknown
/bin/uname -X     = unknown

/bin/arch              = x86_64
/usr/bin/arch -k       = unknown
/usr/convex/getsysinfo = unknown
/usr/bin/hostinfo      = unknown
/bin/machine           = unknown
/usr/bin/oslevel       = unknown
/bin/universe          = unknown

PATH: /usr/local/bin
PATH: /usr/bin
PATH: /cygdrive/c/Perl64/site/bin
PATH: /cygdrive/c/Perl64/bin
PATH: /cygdrive/c/ProgramData/Oracle/Java/javapath
PATH: /cygdrive/c/Program Files (x86)/NVIDIA Corporation/PhysX/Common
PATH: /cygdrive/c/Program Files (x86)/Intel/iCLS Client
PATH: /cygdrive/c/Program Files/Intel/iCLS Client
PATH: /cygdrive/c/WINDOWS/system32
PATH: /cygdrive/c/WINDOWS
PATH: /cygdrive/c/WINDOWS/System32/Wbem
PATH: /cygdrive/c/WINDOWS/System32/WindowsPowerShell/v1.0
PATH: /cygdrive/c/Program Files/Intel/Intel(R) Management Engine Components/DAL
PATH: /cygdrive/c/Program Files/Intel/Intel(R) Management Engine Components/IPT
PATH: /cygdrive/c/Program Files (x86)/Intel/Intel(R) Management Engine Components/DAL
PATH: /cygdrive/c/Program Files (x86)/Intel/Intel(R) Management Engine Components/IPT
PATH: /cygdrive/c/Program Files/Intel/WiFi/bin
PATH: /cygdrive/c/Program Files/Common Files/Intel/WirelessCommon
PATH: /cygdrive/c/Program Files/Microsoft SQL Server/110/Tools/Binn
PATH: /cygdrive/c/Program Files (x86)/Microsoft SDKs/TypeScript/1.0
PATH: /cygdrive/c/Program Files/Microsoft SQL Server/120/Tools/Binn
PATH: /cygdrive/c/Program Files (x86)/Common Files/Acronis/SnapAPI
PATH: /cygdrive/c/Program Files (x86)/scala/bin
PATH: /cygdrive/c/Program Files (x86)/GtkSharp/2.12/bin
PATH: /cygdrive/c/Program Files (x86)/QuickTime/QTSystem
PATH: /cygdrive/c/Program Files/nodejs
PATH: /cygdrive/c/Program Files/Microsoft SQL Server/130/Tools/Binn
PATH: /cygdrive/c/Dev/Git/cmd
PATH: /cygdrive/c/Program Files (x86)/Windows Kits/10/Windows Performance Toolkit
PATH: /cygdrive/c/Program Files (x86)/Microsoft SQL Server/110/DTS/Binn
PATH: /cygdrive/c/Program Files (x86)/Microsoft SQL Server/120/DTS/Binn
PATH: /cygdrive/c/Program Files (x86)/Microsoft SQL Server/130/DTS/Binn
PATH: /cygdrive/c/Users/Benjamin/.dnx/bin
PATH: /cygdrive/c/Program Files/Microsoft DNX/Dnvm
PATH: /cygdrive/c/Program Files (x86)/Microsoft SQL Server/100/Tools/Binn
PATH: /cygdrive/c/Program Files/Microsoft SQL Server/100/Tools/Binn
PATH: /cygdrive/c/Program Files/Microsoft SQL Server/100/DTS/Binn
PATH: /cygdrive/c/OpenVPN/bin
PATH: /cygdrive/c/Dev/RailsInstaller/Git/cmd
PATH: /cygdrive/c/Dev/RailsInstaller/Ruby2.1.0/bin
PATH: /cygdrive/c/Users/Benjamin/AppData/Roaming/npm
PATH: /cygdrive/c/Users/Benjamin/AppData/Local/Microsoft/WindowsApps
PATH: .bin
PATH: /cygdrive/c/Program Files (x86)/Microsoft VS Code/bin


## ----------- ##
## Core tests. ##
## ----------- ##

configure:2172: checking for a BSD-compatible install
configure:2240: result: /usr/bin/install -c
configure:2251: checking whether build environment is sane
configure:2306: result: yes
configure:2365: checking for x86_64-w64-mingw32-strip
configure:2381: found /usr/bin/x86_64-w64-mingw32-strip
configure:2392: result: x86_64-w64-mingw32-strip
configure:2457: checking for a thread-safe mkdir -p
configure:2496: result: /usr/bin/mkdir -p
configure:2503: checking for gawk
configure:2519: found /usr/bin/gawk
configure:2530: result: gawk
configure:2541: checking whether make sets $(MAKE)
configure:2563: result: yes
configure:2592: checking whether make supports nested variables
configure:2609: result: yes
configure:2739: checking build system type
configure:2753: result: i686-pc-cygwin
configure:2773: checking host system type
configure:2786: result: x86_64-w64-mingw32
configure:2818: checking for style of include used by make
configure:2846: result: GNU
configure:2877: checking for x86_64-w64-mingw32-gcc
configure:2893: found /usr/bin/x86_64-w64-mingw32-gcc
configure:2904: result: x86_64-w64-mingw32-gcc
configure:3173: checking for C compiler version
configure:3182: x86_64-w64-mingw32-gcc --version >&5
x86_64-w64-mingw32-gcc (GCC) 5.4.0
Copyright (C) 2015 Free Software Foundation, Inc.
This is free software; see the source for copying conditions.  There is NO
warranty; not even for MERCHANTABILITY or FITNESS FOR A PARTICULAR PURPOSE.

configure:3193: $? = 0
configure:3182: x86_64-w64-mingw32-gcc -v >&5
Using built-in specs.
COLLECT_GCC=x86_64-w64-mingw32-gcc
COLLECT_LTO_WRAPPER=/usr/lib/gcc/x86_64-w64-mingw32/5.4.0/lto-wrapper.exe
Target: x86_64-w64-mingw32
Configured with: /cygdrive/i/szsz/tmpp/cygwin64/mingw64-x86_64/mingw64-x86_64-gcc-5.4.0-3.x86_64/src/gcc-5.4.0/configure --srcdir=/cygdrive/i/szsz/tmpp/cygwin64/mingw64-x86_64/mingw64-x86_64-gcc-5.4.0-3.x86_64/src/gcc-5.4.0 --prefix=/usr --exec-prefix=/usr --localstatedir=/var --sysconfdir=/etc --docdir=/usr/share/doc/mingw64-x86_64-gcc --htmldir=/usr/share/doc/mingw64-x86_64-gcc/html -C --build=x86_64-pc-cygwin --host=x86_64-pc-cygwin --target=x86_64-w64-mingw32 --without-libiconv-prefix --without-libintl-prefix --with-sysroot=/usr/x86_64-w64-mingw32/sys-root --with-build-sysroot=/usr/x86_64-w64-mingw32/sys-root --disable-multilib --disable-win32-registry --enable-languages=c,ada,c++,fortran,lto,objc,obj-c++ --enable-fully-dynamic-string --enable-graphite --enable-libgomp --enable-libquadmath --enable-libquadmath-support --enable-libssp --enable-version-specific-runtime-libs --enable-libgomp --enable-libada --with-dwarf2 --with-gnu-ld --with-gnu-as --with-tune=generic --with-cloog-include=/usr/include/cloog-isl --with-system-zlib --enable-threads=posix --libexecdir=/usr/lib
Thread model: posix
gcc version 5.4.0 (GCC) 
configure:3193: $? = 0
configure:3182: x86_64-w64-mingw32-gcc -V >&5
x86_64-w64-mingw32-gcc: error: unrecognized command line option '-V'
x86_64-w64-mingw32-gcc: fatal error: no input files
compilation terminated.
configure:3193: $? = 1
configure:3182: x86_64-w64-mingw32-gcc -qversion >&5
x86_64-w64-mingw32-gcc: error: unrecognized command line option '-qversion'
x86_64-w64-mingw32-gcc: fatal error: no input files
compilation terminated.
configure:3193: $? = 1
configure:3213: checking whether the C compiler works
configure:3235: x86_64-w64-mingw32-gcc      conftest.c  >&5
configure:3239: $? = 0
configure:3287: result: yes
configure:3290: checking for C compiler default output file name
configure:3292: result: a.exe
configure:3298: checking for suffix of executables
configure:3305: x86_64-w64-mingw32-gcc -o conftest.exe      conftest.c  >&5
configure:3309: $? = 0
configure:3331: result: .exe
configure:3353: checking whether we are cross compiling
configure:3391: result: yes
configure:3396: checking for suffix of object files
configure:3418: x86_64-w64-mingw32-gcc -c    conftest.c >&5
configure:3422: $? = 0
configure:3443: result: o
configure:3447: checking whether we are using the GNU C compiler
configure:3466: x86_64-w64-mingw32-gcc -c    conftest.c >&5
configure:3466: $? = 0
configure:3475: result: yes
configure:3484: checking whether x86_64-w64-mingw32-gcc accepts -g
configure:3504: x86_64-w64-mingw32-gcc -c -g  conftest.c >&5
configure:3504: $? = 0
configure:3545: result: yes
configure:3562: checking for x86_64-w64-mingw32-gcc option to accept ISO C89
configure:3625: x86_64-w64-mingw32-gcc  -c    conftest.c >&5
configure:3625: $? = 0
configure:3638: result: none needed
configure:3663: checking whether x86_64-w64-mingw32-gcc understands -c and -o together
configure:3685: x86_64-w64-mingw32-gcc -c conftest.c -o conftest2.o
configure:3688: $? = 0
configure:3685: x86_64-w64-mingw32-gcc -c conftest.c -o conftest2.o
configure:3688: $? = 0
configure:3700: result: yes
configure:3719: checking dependency style of x86_64-w64-mingw32-gcc
configure:3830: result: gcc3
configure:3851: checking how to run the C preprocessor
configure:3882: x86_64-w64-mingw32-gcc -E  conftest.c
configure:3882: $? = 0
configure:3896: x86_64-w64-mingw32-gcc -E  conftest.c
conftest.c:13:28: fatal error: ac_nonexistent.h: No such file or directory
compilation terminated.
configure:3896: $? = 1
configure: failed program was:
| /* confdefs.h */
| #define PACKAGE_NAME "OpenVPN GUI"
| #define PACKAGE_TARNAME "openvpn-gui"
| #define PACKAGE_VERSION "11"
| #define PACKAGE_STRING "OpenVPN GUI 11"
| #define PACKAGE_BUGREPORT "openvpn-devel@lists.sourceforge.net"
| #define PACKAGE_URL "https://github.com/openvpn/openvpn-gui/"
| #define PACKAGE_VERSION_RESOURCE 11,3,0,0
| #define PACKAGE_VERSION_RESOURCE_STR "11.3.0.0"
| #define PACKAGE "openvpn-gui"
| #define VERSION "11"
| /* end confdefs.h.  */
| #include <ac_nonexistent.h>
configure:3921: result: x86_64-w64-mingw32-gcc -E
configure:3941: x86_64-w64-mingw32-gcc -E  conftest.c
configure:3941: $? = 0
configure:3955: x86_64-w64-mingw32-gcc -E  conftest.c
conftest.c:13:28: fatal error: ac_nonexistent.h: No such file or directory
compilation terminated.
configure:3955: $? = 1
configure: failed program was:
| /* confdefs.h */
| #define PACKAGE_NAME "OpenVPN GUI"
| #define PACKAGE_TARNAME "openvpn-gui"
| #define PACKAGE_VERSION "11"
| #define PACKAGE_STRING "OpenVPN GUI 11"
| #define PACKAGE_BUGREPORT "openvpn-devel@lists.sourceforge.net"
| #define PACKAGE_URL "https://github.com/openvpn/openvpn-gui/"
| #define PACKAGE_VERSION_RESOURCE 11,3,0,0
| #define PACKAGE_VERSION_RESOURCE_STR "11.3.0.0"
| #define PACKAGE "openvpn-gui"
| #define VERSION "11"
| /* end confdefs.h.  */
| #include <ac_nonexistent.h>
configure:3984: checking for grep that handles long lines and -e
configure:4042: result: /usr/bin/grep
configure:4047: checking for egrep
configure:4109: result: /usr/bin/grep -E
configure:4114: checking for ANSI C header files
configure:4134: x86_64-w64-mingw32-gcc -c    conftest.c >&5
configure:4134: $? = 0
configure:4218: result: yes
configure:4231: checking for sys/types.h
configure:4231: x86_64-w64-mingw32-gcc -c    conftest.c >&5
configure:4231: $? = 0
configure:4231: result: yes
configure:4231: checking for sys/stat.h
configure:4231: x86_64-w64-mingw32-gcc -c    conftest.c >&5
configure:4231: $? = 0
configure:4231: result: yes
configure:4231: checking for stdlib.h
configure:4231: x86_64-w64-mingw32-gcc -c    conftest.c >&5
configure:4231: $? = 0
configure:4231: result: yes
configure:4231: checking for string.h
configure:4231: x86_64-w64-mingw32-gcc -c    conftest.c >&5
configure:4231: $? = 0
configure:4231: result: yes
configure:4231: checking for memory.h
configure:4231: x86_64-w64-mingw32-gcc -c    conftest.c >&5
configure:4231: $? = 0
configure:4231: result: yes
configure:4231: checking for strings.h
configure:4231: x86_64-w64-mingw32-gcc -c    conftest.c >&5
configure:4231: $? = 0
configure:4231: result: yes
configure:4231: checking for inttypes.h
configure:4231: x86_64-w64-mingw32-gcc -c    conftest.c >&5
configure:4231: $? = 0
configure:4231: result: yes
configure:4231: checking for stdint.h
configure:4231: x86_64-w64-mingw32-gcc -c    conftest.c >&5
configure:4231: $? = 0
configure:4231: result: yes
configure:4231: checking for unistd.h
configure:4231: x86_64-w64-mingw32-gcc -c    conftest.c >&5
configure:4231: $? = 0
configure:4231: result: yes
configure:4244: checking minix/config.h usability
configure:4244: x86_64-w64-mingw32-gcc -c    conftest.c >&5
conftest.c:56:26: fatal error: minix/config.h: No such file or directory
compilation terminated.
configure:4244: $? = 1
configure: failed program was:
| /* confdefs.h */
| #define PACKAGE_NAME "OpenVPN GUI"
| #define PACKAGE_TARNAME "openvpn-gui"
| #define PACKAGE_VERSION "11"
| #define PACKAGE_STRING "OpenVPN GUI 11"
| #define PACKAGE_BUGREPORT "openvpn-devel@lists.sourceforge.net"
| #define PACKAGE_URL "https://github.com/openvpn/openvpn-gui/"
| #define PACKAGE_VERSION_RESOURCE 11,3,0,0
| #define PACKAGE_VERSION_RESOURCE_STR "11.3.0.0"
| #define PACKAGE "openvpn-gui"
| #define VERSION "11"
| #define STDC_HEADERS 1
| #define HAVE_SYS_TYPES_H 1
| #define HAVE_SYS_STAT_H 1
| #define HAVE_STDLIB_H 1
| #define HAVE_STRING_H 1
| #define HAVE_MEMORY_H 1
| #define HAVE_STRINGS_H 1
| #define HAVE_INTTYPES_H 1
| #define HAVE_STDINT_H 1
| #define HAVE_UNISTD_H 1
| /* end confdefs.h.  */
| #include <stdio.h>
| #ifdef HAVE_SYS_TYPES_H
| # include <sys/types.h>
| #endif
| #ifdef HAVE_SYS_STAT_H
| # include <sys/stat.h>
| #endif
| #ifdef STDC_HEADERS
| # include <stdlib.h>
| # include <stddef.h>
| #else
| # ifdef HAVE_STDLIB_H
| #  include <stdlib.h>
| # endif
| #endif
| #ifdef HAVE_STRING_H
| # if !defined STDC_HEADERS && defined HAVE_MEMORY_H
| #  include <memory.h>
| # endif
| # include <string.h>
| #endif
| #ifdef HAVE_STRINGS_H
| # include <strings.h>
| #endif
| #ifdef HAVE_INTTYPES_H
| # include <inttypes.h>
| #endif
| #ifdef HAVE_STDINT_H
| # include <stdint.h>
| #endif
| #ifdef HAVE_UNISTD_H
| # include <unistd.h>
| #endif
| #include <minix/config.h>
configure:4244: result: no
configure:4244: checking minix/config.h presence
configure:4244: x86_64-w64-mingw32-gcc -E  conftest.c
conftest.c:23:26: fatal error: minix/config.h: No such file or directory
compilation terminated.
configure:4244: $? = 1
configure: failed program was:
| /* confdefs.h */
| #define PACKAGE_NAME "OpenVPN GUI"
| #define PACKAGE_TARNAME "openvpn-gui"
| #define PACKAGE_VERSION "11"
| #define PACKAGE_STRING "OpenVPN GUI 11"
| #define PACKAGE_BUGREPORT "openvpn-devel@lists.sourceforge.net"
| #define PACKAGE_URL "https://github.com/openvpn/openvpn-gui/"
| #define PACKAGE_VERSION_RESOURCE 11,3,0,0
| #define PACKAGE_VERSION_RESOURCE_STR "11.3.0.0"
| #define PACKAGE "openvpn-gui"
| #define VERSION "11"
| #define STDC_HEADERS 1
| #define HAVE_SYS_TYPES_H 1
| #define HAVE_SYS_STAT_H 1
| #define HAVE_STDLIB_H 1
| #define HAVE_STRING_H 1
| #define HAVE_MEMORY_H 1
| #define HAVE_STRINGS_H 1
| #define HAVE_INTTYPES_H 1
| #define HAVE_STDINT_H 1
| #define HAVE_UNISTD_H 1
| /* end confdefs.h.  */
| #include <minix/config.h>
configure:4244: result: no
configure:4244: checking for minix/config.h
configure:4244: result: no
configure:4265: checking whether it is safe to define __EXTENSIONS__
configure:4283: x86_64-w64-mingw32-gcc -c    conftest.c >&5
configure:4283: $? = 0
configure:4290: result: yes
configure:4304: checking for x86_64-w64-mingw32-gcc option to accept ISO C99
configure:4453: x86_64-w64-mingw32-gcc  -c    conftest.c >&5
configure:4453: $? = 0
configure:4466: result: none needed
configure:4484: checking for x86_64-w64-mingw32-windres
configure:4500: found /usr/bin/x86_64-w64-mingw32-windres
configure:4511: result: x86_64-w64-mingw32-windres
configure:4617: checking how to run the C preprocessor
configure:4687: result: x86_64-w64-mingw32-gcc -E
configure:4707: x86_64-w64-mingw32-gcc -E  -DWIN32_LEAN_AND_MEAN -D_WIN32_WINNT=NTDDI_WINXP conftest.c
configure:4707: $? = 0
configure:4721: x86_64-w64-mingw32-gcc -E  -DWIN32_LEAN_AND_MEAN -D_WIN32_WINNT=NTDDI_WINXP conftest.c
conftest.c:29:28: fatal error: ac_nonexistent.h: No such file or directory
compilation terminated.
configure:4721: $? = 1
configure: failed program was:
| /* confdefs.h */
| #define PACKAGE_NAME "OpenVPN GUI"
| #define PACKAGE_TARNAME "openvpn-gui"
| #define PACKAGE_VERSION "11"
| #define PACKAGE_STRING "OpenVPN GUI 11"
| #define PACKAGE_BUGREPORT "openvpn-devel@lists.sourceforge.net"
| #define PACKAGE_URL "https://github.com/openvpn/openvpn-gui/"
| #define PACKAGE_VERSION_RESOURCE 11,3,0,0
| #define PACKAGE_VERSION_RESOURCE_STR "11.3.0.0"
| #define PACKAGE "openvpn-gui"
| #define VERSION "11"
| #define STDC_HEADERS 1
| #define HAVE_SYS_TYPES_H 1
| #define HAVE_SYS_STAT_H 1
| #define HAVE_STDLIB_H 1
| #define HAVE_STRING_H 1
| #define HAVE_MEMORY_H 1
| #define HAVE_STRINGS_H 1
| #define HAVE_INTTYPES_H 1
| #define HAVE_STDINT_H 1
| #define HAVE_UNISTD_H 1
| #define __EXTENSIONS__ 1
| #define _ALL_SOURCE 1
| #define _GNU_SOURCE 1
| #define _POSIX_PTHREAD_SEMANTICS 1
| #define _TANDEM_SOURCE 1
| #define MAX_CONFIGS 50
| /* end confdefs.h.  */
| #include <ac_nonexistent.h>
configure:4750: checking whether ln -s works
configure:4754: result: yes
configure:4761: checking whether make sets $(MAKE)
configure:4783: result: yes
configure:4903: checking pkg-config is at least version 0.9.0
configure:4906: result: yes
configure:4916: checking for OPENSSL_CRYPTO
configure:5067: result: yes
configure:5189: checking that generated files are newer than configure
configure:5195: result: done
configure:5218: creating ./config.status

## ---------------------- ##
## Running config.status. ##
## ---------------------- ##

This file was extended by OpenVPN GUI config.status 11, which was
generated by GNU Autoconf 2.69.  Invocation command line was

  CONFIG_FILES    = 
  CONFIG_HEADERS  = 
  CONFIG_LINKS    = 
  CONFIG_COMMANDS = 
  $ ./config.status 

on TARDIS

config.status:877: creating Makefile
config.status:877: creating config.h
config.status:1058: config.h is unchanged
config.status:1106: executing depfiles commands

## ---------------- ##
## Cache variables. ##
## ---------------- ##

ac_cv_build=i686-pc-cygwin
ac_cv_c_compiler_gnu=yes
ac_cv_env_CC_set=
ac_cv_env_CC_value=
ac_cv_env_CFLAGS_set=set
ac_cv_env_CFLAGS_value=' '
ac_cv_env_CPPFLAGS_set=
ac_cv_env_CPPFLAGS_value=
ac_cv_env_CPP_set=
ac_cv_env_CPP_value=
ac_cv_env_LDFLAGS_set=set
ac_cv_env_LDFLAGS_value=' '
ac_cv_env_LIBS_set=
ac_cv_env_LIBS_value=
ac_cv_env_MAX_CONFIGS_set=
ac_cv_env_MAX_CONFIGS_value=
ac_cv_env_OPENSSL_CRYPTO_CFLAGS_set=set
ac_cv_env_OPENSSL_CRYPTO_CFLAGS_value=-I/cygdrive/c/dev/7tunnels/openvpn-build-master/generic/image-win/openvpn/include
ac_cv_env_OPENSSL_CRYPTO_LIBS_set=set
ac_cv_env_OPENSSL_CRYPTO_LIBS_value='-L/cygdrive/c/dev/7tunnels/openvpn-build-master/generic/image-win/openvpn/lib -lcrypto'
ac_cv_env_PKG_CONFIG_LIBDIR_set=
ac_cv_env_PKG_CONFIG_LIBDIR_value=
ac_cv_env_PKG_CONFIG_PATH_set=
ac_cv_env_PKG_CONFIG_PATH_value=
ac_cv_env_PKG_CONFIG_set=set
ac_cv_env_PKG_CONFIG_value=true
ac_cv_env_build_alias_set=set
ac_cv_env_build_alias_value=i686-pc-cygwin
ac_cv_env_host_alias_set=set
ac_cv_env_host_alias_value=x86_64-w64-mingw32
ac_cv_env_target_alias_set=set
ac_cv_env_target_alias_value=
ac_cv_exeext=.exe
ac_cv_header_inttypes_h=yes
ac_cv_header_memory_h=yes
ac_cv_header_minix_config_h=no
ac_cv_header_stdc=yes
ac_cv_header_stdint_h=yes
ac_cv_header_stdlib_h=yes
ac_cv_header_string_h=yes
ac_cv_header_strings_h=yes
ac_cv_header_sys_stat_h=yes
ac_cv_header_sys_types_h=yes
ac_cv_header_unistd_h=yes
ac_cv_host=x86_64-w64-mingw32
ac_cv_objext=o
ac_cv_path_EGREP='/usr/bin/grep -E'
ac_cv_path_GREP=/usr/bin/grep
ac_cv_path_install='/usr/bin/install -c'
ac_cv_path_mkdir=/usr/bin/mkdir
ac_cv_prog_AWK=gawk
ac_cv_prog_CC=x86_64-w64-mingw32-gcc
ac_cv_prog_CPP='x86_64-w64-mingw32-gcc -E'
ac_cv_prog_STRIP=x86_64-w64-mingw32-strip
ac_cv_prog_WINDRES=x86_64-w64-mingw32-windres
ac_cv_prog_cc_c89=
ac_cv_prog_cc_c99=
ac_cv_prog_cc_g=yes
ac_cv_prog_make_make_set=yes
ac_cv_safe_to_define___extensions__=yes
am_cv_CC_dependencies_compiler_type=gcc3
am_cv_make_support_nested_variables=yes
am_cv_prog_cc_c_o=yes
pkg_cv_OPENSSL_CRYPTO_CFLAGS=-I/cygdrive/c/dev/7tunnels/openvpn-build-master/generic/image-win/openvpn/include
pkg_cv_OPENSSL_CRYPTO_LIBS='-L/cygdrive/c/dev/7tunnels/openvpn-build-master/generic/image-win/openvpn/lib -lcrypto'

## ----------------- ##
## Output variables. ##
## ----------------- ##

ACLOCAL='${SHELL} /cygdrive/c/dev/7tunnels/openvpn-build-master/generic/tmp/openvpn-gui-11/missing aclocal-1.14'
AMDEPBACKSLASH='\'
AMDEP_FALSE='#'
AMDEP_TRUE=''
AMTAR='$${TAR-tar}'
AM_BACKSLASH='\'
AM_DEFAULT_V='$(AM_DEFAULT_VERBOSITY)'
AM_DEFAULT_VERBOSITY='1'
AM_V='$(V)'
AUTOCONF='${SHELL} /cygdrive/c/dev/7tunnels/openvpn-build-master/generic/tmp/openvpn-gui-11/missing autoconf'
AUTOHEADER='${SHELL} /cygdrive/c/dev/7tunnels/openvpn-build-master/generic/tmp/openvpn-gui-11/missing autoheader'
AUTOMAKE='${SHELL} /cygdrive/c/dev/7tunnels/openvpn-build-master/generic/tmp/openvpn-gui-11/missing automake-1.14'
AWK='gawk'
CC='x86_64-w64-mingw32-gcc'
CCDEPMODE='depmode=gcc3'
CFLAGS='  -pedantic -Wall -Wextra'
CPP='x86_64-w64-mingw32-gcc -E'
CPPFLAGS=' -DWIN32_LEAN_AND_MEAN -D_WIN32_WINNT=NTDDI_WINXP'
CYGPATH_W='cygpath -w'
DEFS='-DHAVE_CONFIG_H'
DEPDIR='.deps'
ECHO_C=''
ECHO_N='-n'
ECHO_T=''
EGREP='/usr/bin/grep -E'
EXEEXT='.exe'
GREP='/usr/bin/grep'
INSTALL_DATA='${INSTALL} -m 644'
INSTALL_PROGRAM='${INSTALL}'
INSTALL_SCRIPT='${INSTALL}'
INSTALL_STRIP_PROGRAM='$(install_sh) -c -s'
LDFLAGS=' '
LIBOBJS=''
LIBS=''
LN_S='ln -s'
LTLIBOBJS=''
MAKEINFO='${SHELL} /cygdrive/c/dev/7tunnels/openvpn-build-master/generic/tmp/openvpn-gui-11/missing makeinfo'
MAX_CONFIGS='50'
MKDIR_P='/usr/bin/mkdir -p'
OBJEXT='o'
OPENSSL_CRYPTO_CFLAGS='-I/cygdrive/c/dev/7tunnels/openvpn-build-master/generic/image-win/openvpn/include'
OPENSSL_CRYPTO_LIBS='-L/cygdrive/c/dev/7tunnels/openvpn-build-master/generic/image-win/openvpn/lib -lcrypto'
PACKAGE='openvpn-gui'
PACKAGE_BUGREPORT='openvpn-devel@lists.sourceforge.net'
PACKAGE_NAME='OpenVPN GUI'
PACKAGE_STRING='OpenVPN GUI 11'
PACKAGE_TARNAME='openvpn-gui'
PACKAGE_URL='https://github.com/openvpn/openvpn-gui/'
PACKAGE_VERSION='11'
PATH_SEPARATOR=':'
PKG_CONFIG='true'
PKG_CONFIG_LIBDIR=''
PKG_CONFIG_PATH=''
SET_MAKE=''
SHELL='/bin/sh'
STRIP='x86_64-w64-mingw32-strip'
VERSION='11'
WINDRES='x86_64-w64-mingw32-windres'
ac_ct_CC=''
am__EXEEXT_FALSE='#'
am__EXEEXT_TRUE=''
am__fastdepCC_FALSE='#'
am__fastdepCC_TRUE=''
am__include='include'
am__isrc=''
am__leading_dot='.'
am__nodep='_no'
am__quote=''
am__tar='$${TAR-tar} chof - "$$tardir"'
am__untar='$${TAR-tar} xf -'
bindir='${exec_prefix}/bin'
build='i686-pc-cygwin'
build_alias='i686-pc-cygwin'
build_cpu='i686'
build_os='cygwin'
build_vendor='pc'
datadir='${datarootdir}'
datarootdir='${prefix}/share'
docdir='${datarootdir}/doc/${PACKAGE_TARNAME}'
dvidir='${docdir}'
exec_prefix='${prefix}'
host='x86_64-w64-mingw32'
host_alias='x86_64-w64-mingw32'
host_cpu='x86_64'
host_os='mingw32'
host_vendor='w64'
htmldir='${docdir}'
includedir='${prefix}/include'
infodir='${datarootdir}/info'
install_sh='${SHELL} /cygdrive/c/dev/7tunnels/openvpn-build-master/generic/tmp/openvpn-gui-11/install-sh'
libdir='//lib'
libexecdir='${exec_prefix}/libexec'
localedir='${datarootdir}/locale'
localstatedir='${prefix}/var'
mandir='${datarootdir}/man'
mkdir_p='$(MKDIR_P)'
oldincludedir='/usr/include'
pdfdir='${docdir}'
prefix='/'
program_transform_name='s&^&'\'''\''&'
psdir='${docdir}'
sbindir='/bin'
sharedstatedir='${prefix}/com'
sysconfdir='${prefix}/etc'
target_alias=''

## ----------- ##
## confdefs.h. ##
## ----------- ##

/* confdefs.h */
#define PACKAGE_NAME "OpenVPN GUI"
#define PACKAGE_TARNAME "openvpn-gui"
#define PACKAGE_VERSION "11"
#define PACKAGE_STRING "OpenVPN GUI 11"
#define PACKAGE_BUGREPORT "openvpn-devel@lists.sourceforge.net"
#define PACKAGE_URL "https://github.com/openvpn/openvpn-gui/"
#define PACKAGE_VERSION_RESOURCE 11,3,0,0
#define PACKAGE_VERSION_RESOURCE_STR "11.3.0.0"
#define PACKAGE "openvpn-gui"
#define VERSION "11"
#define STDC_HEADERS 1
#define HAVE_SYS_TYPES_H 1
#define HAVE_SYS_STAT_H 1
#define HAVE_STDLIB_H 1
#define HAVE_STRING_H 1
#define HAVE_MEMORY_H 1
#define HAVE_STRINGS_H 1
#define HAVE_INTTYPES_H 1
#define HAVE_STDINT_H 1
#define HAVE_UNISTD_H 1
#define __EXTENSIONS__ 1
#define _ALL_SOURCE 1
#define _GNU_SOURCE 1
#define _POSIX_PTHREAD_SEMANTICS 1
#define _TANDEM_SOURCE 1
#define MAX_CONFIGS 50

configure: exit 0
